<?xml version="1.0" encoding="UTF-8"?>
<testsuite xmlns:xsi="http://www.w3.org/2001/XMLSchema-instance" xsi:noNamespaceSchemaLocation="https://maven.apache.org/surefire/maven-surefire-plugin/xsd/surefire-test-report-3.0.xsd" version="3.0" name="com.dmves.car.core.CarSystemTest" time="4.352" tests="8" errors="0" skipped="0" failures="0">
  <properties>
    <property name="java.specification.version" value="17"/>
    <property name="sun.cpu.isalist" value="amd64"/>
    <property name="sun.jnu.encoding" value="UTF-8"/>
    <property name="java.class.path" value="C:\Users\my\source\repos\DMVES\CarSystem\target\test-classes;C:\Users\my\source\repos\DMVES\CarSystem\target\classes;G:\Program Files\apache-maven-3.6.3\mvn_repo\redis\clients\jedis\4.3.1\jedis-4.3.1.jar;G:\Program Files\apache-maven-3.6.3\mvn_repo\org\slf4j\slf4j-api\1.7.36\slf4j-api-1.7.36.jar;G:\Program Files\apache-maven-3.6.3\mvn_repo\org\apache\commons\commons-pool2\2.11.1\commons-pool2-2.11.1.jar;G:\Program Files\apache-maven-3.6.3\mvn_repo\org\json\json\20220320\json-20220320.jar;G:\Program Files\apache-maven-3.6.3\mvn_repo\com\google\code\gson\gson\2.8.9\gson-2.8.9.jar;G:\Program Files\apache-maven-3.6.3\mvn_repo\com\fasterxml\jackson\core\jackson-databind\2.15.2\jackson-databind-2.15.2.jar;G:\Program Files\apache-maven-3.6.3\mvn_repo\com\fasterxml\jackson\core\jackson-annotations\2.15.2\jackson-annotations-2.15.2.jar;G:\Program Files\apache-maven-3.6.3\mvn_repo\com\fasterxml\jackson\core\jackson-core\2.15.2\jackson-core-2.15.2.jar;G:\Program Files\apache-maven-3.6.3\mvn_repo\ch\qos\logback\logback-classic\1.4.11\logback-classic-1.4.11.jar;G:\Program Files\apache-maven-3.6.3\mvn_repo\ch\qos\logback\logback-core\1.4.11\logback-core-1.4.11.jar;G:\Program Files\apache-maven-3.6.3\mvn_repo\junit\junit\4.13.2\junit-4.13.2.jar;G:\Program Files\apache-maven-3.6.3\mvn_repo\org\hamcrest\hamcrest-core\1.3\hamcrest-core-1.3.jar;G:\Program Files\apache-maven-3.6.3\mvn_repo\org\projectlombok\lombok\1.18.30\lombok-1.18.30.jar;"/>
    <property name="java.vm.vendor" value="Oracle Corporation"/>
    <property name="sun.arch.data.model" value="64"/>
    <property name="user.variant" value=""/>
    <property name="java.vendor.url" value="https://java.oracle.com/"/>
    <property name="user.timezone" value="Asia/Shanghai"/>
    <property name="os.name" value="Windows 11"/>
    <property name="java.vm.specification.version" value="17"/>
    <property name="sun.java.launcher" value="SUN_STANDARD"/>
    <property name="user.country" value="CN"/>
    <property name="sun.boot.library.path" value="C:\Program Files\Java\jdk-17\bin"/>
    <property name="sun.java.command" value="C:\Users\my\AppData\Local\Temp\surefire2851455383627819406\surefirebooter-20250608180234573_3.jar C:\Users\my\AppData\Local\Temp\surefire2851455383627819406 2025-06-08T18-02-34_383-jvmRun1 surefire-20250608180234573_1tmp surefire_0-20250608180234573_2tmp"/>
    <property name="jdk.debug" value="release"/>
    <property name="test" value="CarSystemTest"/>
    <property name="surefire.test.class.path" value="C:\Users\my\source\repos\DMVES\CarSystem\target\test-classes;C:\Users\my\source\repos\DMVES\CarSystem\target\classes;G:\Program Files\apache-maven-3.6.3\mvn_repo\redis\clients\jedis\4.3.1\jedis-4.3.1.jar;G:\Program Files\apache-maven-3.6.3\mvn_repo\org\slf4j\slf4j-api\1.7.36\slf4j-api-1.7.36.jar;G:\Program Files\apache-maven-3.6.3\mvn_repo\org\apache\commons\commons-pool2\2.11.1\commons-pool2-2.11.1.jar;G:\Program Files\apache-maven-3.6.3\mvn_repo\org\json\json\20220320\json-20220320.jar;G:\Program Files\apache-maven-3.6.3\mvn_repo\com\google\code\gson\gson\2.8.9\gson-2.8.9.jar;G:\Program Files\apache-maven-3.6.3\mvn_repo\com\fasterxml\jackson\core\jackson-databind\2.15.2\jackson-databind-2.15.2.jar;G:\Program Files\apache-maven-3.6.3\mvn_repo\com\fasterxml\jackson\core\jackson-annotations\2.15.2\jackson-annotations-2.15.2.jar;G:\Program Files\apache-maven-3.6.3\mvn_repo\com\fasterxml\jackson\core\jackson-core\2.15.2\jackson-core-2.15.2.jar;G:\Program Files\apache-maven-3.6.3\mvn_repo\ch\qos\logback\logback-classic\1.4.11\logback-classic-1.4.11.jar;G:\Program Files\apache-maven-3.6.3\mvn_repo\ch\qos\logback\logback-core\1.4.11\logback-core-1.4.11.jar;G:\Program Files\apache-maven-3.6.3\mvn_repo\junit\junit\4.13.2\junit-4.13.2.jar;G:\Program Files\apache-maven-3.6.3\mvn_repo\org\hamcrest\hamcrest-core\1.3\hamcrest-core-1.3.jar;G:\Program Files\apache-maven-3.6.3\mvn_repo\org\projectlombok\lombok\1.18.30\lombok-1.18.30.jar;"/>
    <property name="sun.cpu.endian" value="little"/>
    <property name="user.home" value="C:\Users\my"/>
    <property name="user.language" value="zh"/>
    <property name="java.specification.vendor" value="Oracle Corporation"/>
    <property name="java.version.date" value="2024-07-16"/>
    <property name="java.home" value="C:\Program Files\Java\jdk-17"/>
    <property name="file.separator" value="\"/>
    <property name="basedir" value="C:\Users\my\source\repos\DMVES\CarSystem"/>
    <property name="java.vm.compressedOopsMode" value="Zero based"/>
    <property name="line.separator" value="&#10;"/>
    <property name="java.vm.specification.vendor" value="Oracle Corporation"/>
    <property name="java.specification.name" value="Java Platform API Specification"/>
    <property name="surefire.real.class.path" value="C:\Users\my\AppData\Local\Temp\surefire2851455383627819406\surefirebooter-20250608180234573_3.jar"/>
    <property name="user.script" value=""/>
    <property name="sun.management.compiler" value="HotSpot 64-Bit Tiered Compilers"/>
    <property name="java.runtime.version" value="17.0.12+8-LTS-286"/>
    <property name="user.name" value="Zeroâ€˜"/>
    <property name="path.separator" value=";"/>
    <property name="os.version" value="10.0"/>
    <property name="java.runtime.name" value="Java(TM) SE Runtime Environment"/>
    <property name="file.encoding" value="UTF-8"/>
    <property name="java.vm.name" value="Java HotSpot(TM) 64-Bit Server VM"/>
    <property name="localRepository" value="G:\Program Files\apache-maven-3.6.3\mvn_repo"/>
    <property name="java.vendor.url.bug" value="https://bugreport.java.com/bugreport/"/>
    <property name="java.io.tmpdir" value="C:\Users\my\AppData\Local\Temp\"/>
    <property name="java.version" value="17.0.12"/>
    <property name="user.dir" value="C:\Users\my\source\repos\DMVES\CarSystem"/>
    <property name="os.arch" value="amd64"/>
    <property name="java.vm.specification.name" value="Java Virtual Machine Specification"/>
    <property name="sun.os.patch.level" value=""/>
    <property name="native.encoding" value="UTF-8"/>
    <property name="java.library.path" value="C:\Program Files\Java\jdk-17\bin;C:\WINDOWS\Sun\Java\bin;C:\WINDOWS\system32;C:\WINDOWS;C:\Program Files\Common Files\Oracle\Java\javapath;C:\Program Files (x86)\Razer Chroma SDK\bin;C:\Program Files\Razer Chroma SDK\bin;G:\Program Files\vmware\bin\;C:\Program Files (x86)\Common Files\Oracle\Java\javapath;C:\Program Files\Java\jdk-17\bin;C:\Program Files (x86)\Razer\ChromaBroadcast\bin;C:\Program Files\Razer\ChromaBroadcast\bin;C:\Program Files (x86)\Common Files\Intel\Shared Libraries\redist\intel64\compiler;C:\Windows\system32;C:\Windows;C:\Windows\System32\Wbem;C:\Windows\System32\WindowsPowerShell\v1.0\;C:\Windows\System32\OpenSSH\;C:\Program Files (x86)\NVIDIA Corporation\PhysX\Common;C:\Program Files\NVIDIA Corporation\NVIDIA NvDLISR;C:\Windows\system32\config\systemprofile\AppData\Local\Microsoft\WindowsApps;C:\WINDOWS\system32;C:\WINDOWS;C:\WINDOWS\System32\Wbem;C:\WINDOWS\System32\WindowsPowerShell\v1.0\;C:\WINDOWS\System32\OpenSSH\;D:\my\Git\cmd;C:\Program Files\dotnet\;C:\Program Files\Git\cmd;E:\my\opencv\build\x64\vc16\bin;G:\Program Files (x86)\myMATLAB\R2022a\runtime\win64;G:\Program Files (x86)\myMATLAB\R2022a\bin;C:\Users\my\AppData\Local\Programs\Python\Python39\Scripts\;C:\Users\my\AppData\Local\Programs\Python\Python39\;C:\Users\my\AppData\Local\Microsoft\WindowsApps;G:\edgedownload\mingw64\bin;E:\Microsoft VS Code\bin;C:\Users\my\AppData\Local\GitHubDesktop\bin;C:\Users\my\AppData\Roaming\npm;C:\Users\my\.dotnet\tools;G:\Program Files\NodeJS\;G:\Program Files\apache-maven-3.6.3\bin;C:\Program Files (x86)\Microsoft SQL Server\150\DTS\Binn\;C:\Program Files\Microsoft SQL Server\150\DTS\Binn\;C:\Program Files\Microsoft SQL Server\Client SDK\ODBC\170\Tools\Binn\;C:\Program Files (x86)\Microsoft SQL Server\150\Tools\Binn\;C:\Program Files\Microsoft SQL Server\150\Tools\Binn\;C:\Program Files (x86)\Microsoft SQL Server\160\DTS\Binn\;C:\Program Files (x86)\Windows Kits\10\Windows Performance Toolkit\;C:\Users\my\AppData\Local\Programs\Python\Python39\Scripts\;C:\Users\my\AppData\Local\Programs\Python\Python39\;C:\Users\my\AppData\Local\Microsoft\WindowsApps;G:\edgedownload\mingw64\bin;E:\Microsoft VS Code\bin;C:\Users\my\AppData\Local\GitHubDesktop\bin;C:\Users\my\AppData\Roaming\npm;G:\Program Files\JetBrains\IntelliJ IDEA 2024.1.2\bin;;G:\Program Files (x86)\cursor\resources\app\bin;C:\Users\my\.dotnet\tools;."/>
    <property name="java.vm.info" value="mixed mode, sharing"/>
    <property name="java.vendor" value="Oracle Corporation"/>
    <property name="java.vm.version" value="17.0.12+8-LTS-286"/>
    <property name="sun.io.unicode.encoding" value="UnicodeLittle"/>
    <property name="java.class.version" value="61.0"/>
  </properties>
  <testcase name="testCompleteWorkflow" classname="com.dmves.car.core.CarSystemTest" time="2.081">
    <system-err><![CDATA[SLF4J: Failed to load class "org.slf4j.impl.StaticLoggerBinder".
SLF4J: Defaulting to no-operation (NOP) logger implementation
SLF4J: See http://www.slf4j.org/codes.html#StaticLoggerBinder for further details.
]]></system-err>
  </testcase>
  <testcase name="testCarBoundaryValues" classname="com.dmves.car.core.CarSystemTest" time="0.003"/>
  <testcase name="testCarPathExecution" classname="com.dmves.car.core.CarSystemTest" time="2.016"/>
  <testcase name="testCarMovement" classname="com.dmves.car.core.CarSystemTest" time="0.004"/>
  <testcase name="testCarStatusUpdate" classname="com.dmves.car.core.CarSystemTest" time="0.003"/>
  <testcase name="testCarColor" classname="com.dmves.car.core.CarSystemTest" time="0.002"/>
  <testcase name="testInitialization" classname="com.dmves.car.core.CarSystemTest" time="0.002"/>
  <testcase name="testBlackboardCommunication" classname="com.dmves.car.core.CarSystemTest" time="0.002"/>
</testsuite>